<?xml version="1.0" encoding="UTF-8"?>
<!-- Generated by org.testng.reporters.JUnitReportReporter -->
<testsuite hostname="LAPTOP-8UKHKL7O" failures="0" tests="1" name="com.qcart.tests.LoginTest" time="0.616" errors="0" timestamp="2024-11-14T11:28:55 IST" skipped="0">
  <testcase classname="com.qcart.tests.LoginTest" name="loginWithValidCredentials" time="0.616"/>
  <system-out/>
</testsuite> <!-- com.qcart.tests.LoginTest -->
