<?xml version="1.0" encoding="UTF-8"?>
<!-- Generated by org.testng.reporters.JUnitReportReporter -->
<testsuite hostname="LAPTOP-8UKHKL7O" failures="0" tests="2" name="com.qcart.tests.LoginTest" time="4.191" errors="0" timestamp="2024-11-14T11:33:42 IST" skipped="0">
  <testcase classname="com.qcart.tests.LoginTest" name="loginWithValidCredentials" time="0.644"/>
  <system-out/>
  <testcase classname="com.qcart.tests.LoginTest" name="loginWithInvalidCredentials" time="3.547"/>
  <system-out/>
</testsuite> <!-- com.qcart.tests.LoginTest -->
